<?xml version="1.0" encoding="utf-8"?><testsuite errors="0" failures="0" name="pytest" skips="11" tests="11" time="0.056"><testcase classname="systest_pte.Perf_Stress_LevelDB" file="../../../../../../../../anaconda/envs/fabric/lib/python2.7/unittest/case.py" line="59" name="test_FAB3808_TPS_Queries_1_Thread_TinyNtwk" time="0.000458002090454"><skipped message="skipping" type="pytest.skip">../../../../../../../../anaconda/envs/fabric/lib/python2.7/unittest/case.py:59: &lt;py._xmlgen.raw object at 0x10cc2d390&gt;</skipped></testcase><testcase classname="systest_pte.Perf_Stress_LevelDB" file="../../../../../../../../anaconda/envs/fabric/lib/python2.7/unittest/case.py" line="59" name="test_FAB3811_TPS_Invokes_1_Thread_TinyNtwk" time="0.000609636306763"><skipped message="skipping" type="pytest.skip">../../../../../../../../anaconda/envs/fabric/lib/python2.7/unittest/case.py:59: &lt;py._xmlgen.raw object at 0x10cc2dad0&gt;</skipped></testcase><testcase classname="systest_pte.Perf_Stress_LevelDB" file="../../../../../../../../anaconda/envs/fabric/lib/python2.7/unittest/case.py" line="59" name="test_FAB3833_TPS_Queries_8_Thread_TinyNtwk" time="0.000453948974609"><skipped message="skipping" type="pytest.skip">../../../../../../../../anaconda/envs/fabric/lib/python2.7/unittest/case.py:59: &lt;py._xmlgen.raw object at 0x10cc00650&gt;</skipped></testcase><testcase classname="systest_pte.Perf_Stress_LevelDB" file="../../../../../../../../anaconda/envs/fabric/lib/python2.7/unittest/case.py" line="59" name="test_FAB3835_TPS_Invokes_8_Thread_TinyNtwk" time="0.000556230545044"><skipped message="skipping" type="pytest.skip">../../../../../../../../anaconda/envs/fabric/lib/python2.7/unittest/case.py:59: &lt;py._xmlgen.raw object at 0x10cc4a490&gt;</skipped></testcase><testcase classname="systest_pte.Perf_Stress_CouchDB" file="../../../../../../../../anaconda/envs/fabric/lib/python2.7/unittest/case.py" line="59" name="test_FAB3807_TPS_Queries_1_Thread_TinyNtwk" time="0.000505924224854"><skipped message="skipping" type="pytest.skip">../../../../../../../../anaconda/envs/fabric/lib/python2.7/unittest/case.py:59: &lt;py._xmlgen.raw object at 0x10cc4ad10&gt;</skipped></testcase><testcase classname="systest_pte.Perf_Stress_CouchDB" file="../../../../../../../../anaconda/envs/fabric/lib/python2.7/unittest/case.py" line="59" name="test_FAB3810_TPS_Invokes_1_Thread_TinyNtwk" time="0.000447750091553"><skipped message="skipping" type="pytest.skip">../../../../../../../../anaconda/envs/fabric/lib/python2.7/unittest/case.py:59: &lt;py._xmlgen.raw object at 0x10cc4af90&gt;</skipped></testcase><testcase classname="systest_pte.Perf_Stress_CouchDB" file="../../../../../../../../anaconda/envs/fabric/lib/python2.7/unittest/case.py" line="59" name="test_FAB3813_Baseline_StandardNtwk_8_Thread" time="0.000433206558228"><skipped message="skipping" type="pytest.skip">../../../../../../../../anaconda/envs/fabric/lib/python2.7/unittest/case.py:59: &lt;py._xmlgen.raw object at 0x10cca33d0&gt;</skipped></testcase><testcase classname="systest_pte.Perf_Stress_CouchDB" file="../../../../../../../../anaconda/envs/fabric/lib/python2.7/unittest/case.py" line="59" name="test_FAB3814_Payload_1Meg" time="0.00186800956726"><skipped message="skipping" type="pytest.skip">../../../../../../../../anaconda/envs/fabric/lib/python2.7/unittest/case.py:59: &lt;py._xmlgen.raw object at 0x10cc4a4d0&gt;</skipped></testcase><testcase classname="systest_pte.Perf_Stress_CouchDB" file="../../../../../../../../anaconda/envs/fabric/lib/python2.7/unittest/case.py" line="59" name="test_FAB3816_GossipStress_10_PeersPerOrg" time="0.000645160675049"><skipped message="skipping" type="pytest.skip">../../../../../../../../anaconda/envs/fabric/lib/python2.7/unittest/case.py:59: &lt;py._xmlgen.raw object at 0x10cc00650&gt;</skipped></testcase><testcase classname="systest_pte.Perf_Stress_CouchDB" file="../../../../../../../../anaconda/envs/fabric/lib/python2.7/unittest/case.py" line="59" name="test_FAB3832_TPS_Queries_8_Thread_TinyNtwk" time="0.000530004501343"><skipped message="skipping" type="pytest.skip">../../../../../../../../anaconda/envs/fabric/lib/python2.7/unittest/case.py:59: &lt;py._xmlgen.raw object at 0x10cca31d0&gt;</skipped></testcase><testcase classname="systest_pte.Perf_Stress_CouchDB" file="../../../../../../../../anaconda/envs/fabric/lib/python2.7/unittest/case.py" line="59" name="test_FAB3834_TPS_Invokes_8_Thread_TinyNtwk" time="0.000509023666382"><skipped message="skipping" type="pytest.skip">../../../../../../../../anaconda/envs/fabric/lib/python2.7/unittest/case.py:59: &lt;py._xmlgen.raw object at 0x10cca3750&gt;</skipped></testcase></testsuite>